Using pre-set license
Built from '2020.2/release' branch; Version is '2020.2.4f1 (becced5a802b) revision 12504301'; Using compiler version '192528614'; Build Type 'Release'
OS: 'Windows 10 Pro; OS build 18363.1500; Version 1909; 64bit' Language: 'es' Physical Memory: 16326 MB
BatchMode: 1, IsHumanControllingUs: 0, StartBugReporterOnCrash: 0, Is64bit: 1, IsPro: 0

 COMMAND LINE ARGUMENTS:
C:\Program Files\Unity\Hub\Editor\2020.2.4f1\Editor\Unity.exe
-adb2
-batchMode
-noUpm
-name
AssetImportWorker0
-projectPath
C:/Users/DSI37A/Documents/GitHub/Viborita-loca
-logFile
Logs/AssetImportWorker0.log
-srvPort
52188
Successfully changed project path to: C:/Users/DSI37A/Documents/GitHub/Viborita-loca
C:/Users/DSI37A/Documents/GitHub/Viborita-loca
Using Asset Import Pipeline V2.
Refreshing native plugins compatible for Editor in 30.65 ms, found 1 plugins.
Preloading 0 native plugins for Editor in 0.00 ms.
Initialize engine version: 2020.2.4f1 (becced5a802b)
[Subsystems] Discovering subsystems at path C:/Program Files/Unity/Hub/Editor/2020.2.4f1/Editor/Data/Resources/UnitySubsystems
[Subsystems] Discovering subsystems at path C:/Users/DSI37A/Documents/GitHub/Viborita-loca/Assets
GfxDevice: creating device client; threaded=0
Direct3D:
    Version:  Direct3D 11.0 [level 11.1]
    Renderer: NVIDIA GeForce GTX 1050 Ti (ID=0x1c82)
    Vendor:   
    VRAM:     4018 MB
    Driver:   27.21.14.5671
Initialize mono
Mono path[0] = 'C:/Program Files/Unity/Hub/Editor/2020.2.4f1/Editor/Data/Managed'
Mono path[1] = 'C:/Program Files/Unity/Hub/Editor/2020.2.4f1/Editor/Data/MonoBleedingEdge/lib/mono/unityjit'
Mono config path = 'C:/Program Files/Unity/Hub/Editor/2020.2.4f1/Editor/Data/MonoBleedingEdge/etc'
Using monoOptions --debugger-agent=transport=dt_socket,embedding=1,server=y,suspend=n,address=127.0.0.1:56028
Begin MonoManager ReloadAssembly
Registering precompiled unity dll's ...
Register platform support module: C:/Program Files/Unity/Hub/Editor/2020.2.4f1/Editor/Data/PlaybackEngines/WindowsStandaloneSupport/UnityEditor.WindowsStandalone.Extensions.dll
Registered in 0.001649 seconds.
Native extension for WindowsStandalone target not found
Refreshing native plugins compatible for Editor in 27.75 ms, found 1 plugins.
Preloading 0 native plugins for Editor in 0.00 ms.
Invoked RoslynAnalysisRunner static constructor.
RoslynAnalysisRunner will not be running.
RoslynAnalysisRunner has terminated.
Mono: successfully reloaded assembly
- Completed reload, in  1.573 seconds
Platform modules already initialized, skipping
Registering precompiled user dll's ...
Registered in 0.003439 seconds.
Begin MonoManager ReloadAssembly
Native extension for WindowsStandalone target not found
Refreshing native plugins compatible for Editor in 26.49 ms, found 1 plugins.
Preloading 0 native plugins for Editor in 0.00 ms.
Invoked RoslynAnalysisRunner static constructor.
RoslynAnalysisRunner will not be running.
RoslynAnalysisRunner has terminated.
Mono: successfully reloaded assembly
- Completed reload, in  1.334 seconds
Platform modules already initialized, skipping
========================================================================
Worker process is ready to serve import requests
Launched and connected shader compiler UnityShaderCompiler.exe after 0.04 seconds
Refreshing native plugins compatible for Editor in 0.33 ms, found 1 plugins.
Preloading 0 native plugins for Editor in 0.00 ms.
Unloading 1639 Unused Serialized files (Serialized files now loaded: 0)
System memory in use before: 80.5 MB.
System memory in use after: 80.6 MB.

Unloading 22 unused Assets to reduce memory usage. Loaded Objects now: 2068.
Total: 2.237200 ms (FindLiveObjects: 0.166000 ms CreateObjectMapping: 0.072500 ms MarkObjects: 1.936000 ms  DeleteObjects: 0.061800 ms)

========================================================================
Received Import Request.
  path: Assets/SnakeRigid.cs
  artifactKey: Guid(a2b38593029ad8b4aa5d36575e395977) Importer(815301076,1909f56bfc062723c751e8b465ee728b)
Start importing Assets/SnakeRigid.cs using Guid(a2b38593029ad8b4aa5d36575e395977) Importer(815301076,1909f56bfc062723c751e8b465ee728b)  -> (artifact id: '056d0dc7faf39c150e963d46e7bcae92') in 0.032160 seconds
  Import took 0.034919 seconds .

========================================================================
Received Import Request.
  Time since last request: 29.705731 seconds.
  path: Assets/SnakeRigid.cs
  artifactKey: Guid(a2b38593029ad8b4aa5d36575e395977) Importer(815301076,1909f56bfc062723c751e8b465ee728b)
Start importing Assets/SnakeRigid.cs using Guid(a2b38593029ad8b4aa5d36575e395977) Importer(815301076,1909f56bfc062723c751e8b465ee728b)  -> (artifact id: '507a36d360885fecabb546762359030d') in 0.002284 seconds
  Import took 0.005844 seconds .

